Build started 11/23/2015 6:42:26 PM.
     1>Project "E:\Visual Studios Projects\Ten\Ten\Ten.vcxproj" on node 2 (Build target(s)).
     1>ClCompile:
         C:\Program Files (x86)\Microsoft Visual Studio 12.0\VC\bin\CL.exe /c /I"C:\Program Files (x86)\Microsoft SDKs\Windows\v7.1A\Include" /ZI /nologo /W3 /WX- /sdl /Od /Oy- /D WIN32 /D _DEBUG /D _CONSOLE /D _LIB /D _UNICODE /D UNICODE /Gm /EHsc /RTC1 /MDd /GS /fp:precise /Zc:wchar_t /Zc:forScope /Fo"Debug\\" /Fd"Debug\vc120.pdb" /Gd /TP /analyze- /errorReport:prompt TenImplementation.cpp VP.cpp
         VP.cpp
     1>c:\program files (x86)\microsoft sdks\windows\v7.1a\include\sal_supp.h(57): warning C4005: '__useHeader' : macro redefinition
                 c:\program files (x86)\microsoft visual studio 12.0\vc\include\sal.h(2886) : see previous definition of '__useHeader'
     1>c:\program files (x86)\microsoft sdks\windows\v7.1a\include\specstrings_supp.h(77): warning C4005: '__on_failure' : macro redefinition
                 c:\program files (x86)\microsoft visual studio 12.0\vc\include\sal.h(2896) : see previous definition of '__on_failure'
         TenImplementation.cpp
     1>c:\program files (x86)\microsoft sdks\windows\v7.1a\include\sal_supp.h(57): warning C4005: '__useHeader' : macro redefinition
                 c:\program files (x86)\microsoft visual studio 12.0\vc\include\sal.h(2886) : see previous definition of '__useHeader'
     1>c:\program files (x86)\microsoft sdks\windows\v7.1a\include\specstrings_supp.h(77): warning C4005: '__on_failure' : macro redefinition
                 c:\program files (x86)\microsoft visual studio 12.0\vc\include\sal.h(2896) : see previous definition of '__on_failure'
     1>e:\visual studios projects\ten\ten\tenimplementation.cpp(41): warning C4244: '=' : conversion from 'double' to 'GLfloat', possible loss of data
     1>e:\visual studios projects\ten\ten\tenimplementation.cpp(46): warning C4244: '=' : conversion from 'int' to 'GLfloat', possible loss of data
     1>e:\visual studios projects\ten\ten\tenimplementation.cpp(49): warning C4244: '=' : conversion from 'int' to 'GLfloat', possible loss of data
     1>e:\visual studios projects\ten\ten\tenimplementation.cpp(151): warning C4244: '=' : conversion from 'double' to 'float', possible loss of data
     1>e:\visual studios projects\ten\ten\tenimplementation.cpp(153): warning C4244: '=' : conversion from 'double' to 'float', possible loss of data
     1>e:\visual studios projects\ten\ten\tenimplementation.cpp(195): warning C4244: 'initializing' : conversion from 'double' to 'int', possible loss of data
     1>e:\visual studios projects\ten\ten\tenimplementation.cpp(220): warning C4244: 'initializing' : conversion from 'double' to 'int', possible loss of data
     1>e:\visual studios projects\ten\ten\tenimplementation.cpp(449): warning C4244: 'argument' : conversion from 'double' to 'GLsizei', possible loss of data
     1>e:\visual studios projects\ten\ten\tenimplementation.cpp(450): warning C4244: 'argument' : conversion from 'double' to 'GLint', possible loss of data
     1>e:\visual studios projects\ten\ten\tenimplementation.cpp(454): warning C4244: 'argument' : conversion from 'double' to 'GLsizei', possible loss of data
         Generating Code...
       Link:
         C:\Program Files (x86)\Microsoft Visual Studio 12.0\VC\bin\link.exe /ERRORREPORT:PROMPT /OUT:"E:\Visual Studios Projects\Ten\Debug\Ten.exe" /INCREMENTAL /NOLOGO /LIBPATH:"C:\Program Files (x86)\Microsoft SDKs\Windows\v7.1A\Lib" glew32.lib freeglut.lib kernel32.lib user32.lib gdi32.lib winspool.lib comdlg32.lib advapi32.lib shell32.lib ole32.lib oleaut32.lib uuid.lib odbc32.lib odbccp32.lib /MANIFEST /MANIFESTUAC:"level='asInvoker' uiAccess='false'" /manifest:embed /DEBUG /PDB:"E:\Visual Studios Projects\Ten\Debug\Ten.pdb" /SUBSYSTEM:CONSOLE /TLBID:1 /DYNAMICBASE /NXCOMPAT /IMPLIB:"E:\Visual Studios Projects\Ten\Debug\Ten.lib" /MACHINE:X86 Debug\Genetics.obj
         Debug\Graph.obj
         Debug\Random.obj
         Debug\TenImplementation.obj
         Debug\TenMain.obj
         Debug\TetrisSim.obj
         Debug\VP.obj
         Ten.vcxproj -> E:\Visual Studios Projects\Ten\Debug\Ten.exe
     1>Done Building Project "E:\Visual Studios Projects\Ten\Ten\Ten.vcxproj" (Build target(s)).

Build succeeded.

Time Elapsed 00:00:00.89
